{"contracts/cUSD.sol":{"l":{"16":10,"17":10,"19":10,"23":14,"24":14,"26":14,"30":0,"31":0,"34":0,"35":0,"37":0,"41":0,"42":0,"44":0,"48":0,"49":0,"80":9,"81":9,"82":9,"83":9,"84":9,"85":9,"92":6,"93":6,"94":6,"96":6,"97":6,"99":6,"101":6,"102":6,"104":6,"106":6,"108":6,"112":3,"114":3,"116":3,"118":3,"122":0,"124":0,"125":0,"128":0,"132":0,"134":0,"136":0,"137":0,"140":0,"144":4,"145":4,"147":4,"148":4,"150":4,"152":4,"153":4,"155":4,"157":4,"159":4,"166":0,"167":0,"171":0,"172":0,"173":0,"185":0,"186":0,"190":0,"191":0,"195":0,"196":0,"200":0,"201":0,"205":0,"206":0,"207":0,"209":0,"210":0,"212":0,"214":0,"218":0,"219":0,"221":0,"229":0,"230":0,"234":0,"235":0,"239":0,"241":0,"242":0,"244":0},"path":"/home/allen/Projects/BlockChain/nash_smart_contracts/contracts/cUSD.sol","s":{"1":10,"2":10,"3":10,"4":14,"5":14,"6":14,"7":0,"8":0,"9":0,"10":0,"11":0,"12":0,"13":0,"14":0,"15":0,"16":0,"17":9,"18":9,"19":9,"20":9,"21":9,"22":9,"23":6,"24":6,"25":6,"26":6,"27":6,"28":6,"29":6,"30":6,"31":6,"32":6,"33":6,"34":3,"35":3,"36":3,"37":3,"38":0,"39":0,"40":0,"41":0,"42":0,"43":0,"44":0,"45":0,"46":0,"47":4,"48":4,"49":4,"50":4,"51":4,"52":4,"53":4,"54":4,"55":4,"56":4,"57":0,"58":0,"59":0,"60":0,"61":0,"62":0,"63":0,"64":0,"65":0,"66":0,"67":0,"68":0,"69":0,"70":0,"71":0,"72":0,"73":0,"74":0,"75":0,"76":0,"77":0,"78":0,"79":0,"80":0,"81":0,"82":0},"b":{"1":[10,0],"2":[14,0],"3":[0,0],"4":[0,0],"5":[0,0],"6":[0,0],"7":[6,0],"8":[6,0],"9":[6,0],"10":[6,0],"11":[6,0],"12":[3,0],"13":[0,0],"14":[0,0],"15":[4,0],"16":[4,0],"17":[4,0],"18":[4,0],"19":[4,0],"20":[0,0],"21":[0,0],"22":[0,0],"23":[0,0],"24":[0,0],"25":[0,0],"26":[0,0],"27":[0,0],"28":[0,0],"29":[0,0],"30":[0,0],"31":[0,0]},"f":{"1":10,"2":14,"3":0,"4":0,"5":0,"6":9,"7":6,"8":3,"9":0,"10":0,"11":4,"12":0,"13":0,"14":0,"15":0,"16":0,"17":0,"18":0,"19":0,"20":0,"21":0,"22":0},"fnMap":{"1":{"name":"safeAdd","line":15,"loc":{"start":{"line":15,"column":4},"end":{"line":20,"column":4}}},"2":{"name":"safeSub","line":22,"loc":{"start":{"line":22,"column":4},"end":{"line":27,"column":4}}},"3":{"name":"safeMul","line":29,"loc":{"start":{"line":29,"column":4},"end":{"line":38,"column":4}}},"4":{"name":"safeDiv","line":40,"loc":{"start":{"line":40,"column":4},"end":{"line":45,"column":4}}},"5":{"name":"safeMod","line":47,"loc":{"start":{"line":47,"column":4},"end":{"line":50,"column":4}}},"6":{"name":"constructor","line":74,"loc":{"start":{"line":74,"column":4},"end":{"line":86,"column":8}}},"7":{"name":"transfer","line":91,"loc":{"start":{"line":91,"column":4},"end":{"line":109,"column":4}}},"8":{"name":"approve","line":111,"loc":{"start":{"line":111,"column":4},"end":{"line":119,"column":4}}},"9":{"name":"multiTransfer","line":121,"loc":{"start":{"line":121,"column":4},"end":{"line":129,"column":4}}},"10":{"name":"multiTransferSingleValue","line":131,"loc":{"start":{"line":131,"column":4},"end":{"line":141,"column":4}}},"11":{"name":"transferFrom","line":143,"loc":{"start":{"line":143,"column":4},"end":{"line":160,"column":4}}},"12":{"name":"onlyOwner","line":165,"loc":{"start":{"line":165,"column":4},"end":{"line":168,"column":4}}},"13":{"name":"transferOwnership","line":170,"loc":{"start":{"line":170,"column":4},"end":{"line":174,"column":4}}},"14":{"name":"canMint","line":184,"loc":{"start":{"line":184,"column":4},"end":{"line":187,"column":4}}},"15":{"name":"whenMintingFinished","line":189,"loc":{"start":{"line":189,"column":4},"end":{"line":192,"column":4}}},"16":{"name":"onlyCreator","line":194,"loc":{"start":{"line":194,"column":4},"end":{"line":197,"column":4}}},"17":{"name":"setCreator","line":199,"loc":{"start":{"line":199,"column":4},"end":{"line":202,"column":4}}},"18":{"name":"mint","line":204,"loc":{"start":{"line":204,"column":4},"end":{"line":215,"column":4}}},"19":{"name":"finishMinting","line":217,"loc":{"start":{"line":217,"column":4},"end":{"line":222,"column":4}}},"20":{"name":"onlyDestroyer","line":228,"loc":{"start":{"line":228,"column":4},"end":{"line":231,"column":4}}},"21":{"name":"setDestroyer","line":233,"loc":{"start":{"line":233,"column":4},"end":{"line":236,"column":4}}},"22":{"name":"burn","line":238,"loc":{"start":{"line":238,"column":4},"end":{"line":245,"column":4}}}},"statementMap":{"1":{"start":{"line":16,"column":8},"end":{"line":16,"column":25}},"2":{"start":{"line":17,"column":8},"end":{"line":17,"column":53}},"3":{"start":{"line":19,"column":8},"end":{"line":19,"column":16}},"4":{"start":{"line":23,"column":8},"end":{"line":23,"column":56}},"5":{"start":{"line":24,"column":8},"end":{"line":24,"column":25}},"6":{"start":{"line":26,"column":8},"end":{"line":26,"column":16}},"7":{"start":{"line":30,"column":8},"end":{"line":30,"column":697}},"8":{"start":{"line":31,"column":12},"end":{"line":31,"column":20}},"9":{"start":{"line":34,"column":8},"end":{"line":34,"column":25}},"10":{"start":{"line":35,"column":8},"end":{"line":35,"column":63}},"11":{"start":{"line":37,"column":8},"end":{"line":37,"column":16}},"12":{"start":{"line":41,"column":8},"end":{"line":41,"column":51}},"13":{"start":{"line":42,"column":8},"end":{"line":42,"column":25}},"14":{"start":{"line":44,"column":8},"end":{"line":44,"column":16}},"15":{"start":{"line":48,"column":8},"end":{"line":48,"column":50}},"16":{"start":{"line":49,"column":8},"end":{"line":49,"column":20}},"17":{"start":{"line":80,"column":12},"end":{"line":80,"column":48}},"18":{"start":{"line":81,"column":12},"end":{"line":81,"column":38}},"19":{"start":{"line":82,"column":12},"end":{"line":82,"column":27}},"20":{"start":{"line":83,"column":12},"end":{"line":83,"column":31}},"21":{"start":{"line":84,"column":12},"end":{"line":84,"column":34}},"22":{"start":{"line":85,"column":12},"end":{"line":85,"column":29}},"23":{"start":{"line":92,"column":8},"end":{"line":92,"column":36}},"24":{"start":{"line":93,"column":8},"end":{"line":93,"column":60}},"25":{"start":{"line":94,"column":8},"end":{"line":94,"column":51}},"26":{"start":{"line":96,"column":8},"end":{"line":96,"column":70}},"27":{"start":{"line":97,"column":8},"end":{"line":97,"column":71}},"28":{"start":{"line":99,"column":8},"end":{"line":99,"column":70}},"29":{"start":{"line":101,"column":8},"end":{"line":101,"column":78}},"30":{"start":{"line":102,"column":8},"end":{"line":102,"column":64}},"31":{"start":{"line":104,"column":8},"end":{"line":104,"column":46}},"32":{"start":{"line":106,"column":8},"end":{"line":106,"column":73}},"33":{"start":{"line":108,"column":8},"end":{"line":108,"column":19}},"34":{"start":{"line":112,"column":8},"end":{"line":112,"column":46}},"35":{"start":{"line":114,"column":8},"end":{"line":114,"column":47}},"36":{"start":{"line":116,"column":8},"end":{"line":116,"column":51}},"37":{"start":{"line":118,"column":8},"end":{"line":118,"column":19}},"38":{"start":{"line":122,"column":8},"end":{"line":122,"column":63}},"39":{"start":{"line":124,"column":8},"end":{"line":124,"column":3870}},"40":{"start":{"line":125,"column":12},"end":{"line":125,"column":46}},"41":{"start":{"line":128,"column":8},"end":{"line":128,"column":19}},"42":{"start":{"line":132,"column":8},"end":{"line":132,"column":39}},"43":{"start":{"line":134,"column":8},"end":{"line":134,"column":63}},"44":{"start":{"line":136,"column":8},"end":{"line":136,"column":4239}},"45":{"start":{"line":137,"column":12},"end":{"line":137,"column":42}},"46":{"start":{"line":140,"column":8},"end":{"line":140,"column":19}},"47":{"start":{"line":144,"column":8},"end":{"line":144,"column":60}},"48":{"start":{"line":145,"column":8},"end":{"line":145,"column":51}},"49":{"start":{"line":147,"column":8},"end":{"line":147,"column":66}},"50":{"start":{"line":148,"column":8},"end":{"line":148,"column":77}},"51":{"start":{"line":150,"column":8},"end":{"line":150,"column":81}},"52":{"start":{"line":152,"column":8},"end":{"line":152,"column":68}},"53":{"start":{"line":153,"column":8},"end":{"line":153,"column":64}},"54":{"start":{"line":155,"column":8},"end":{"line":155,"column":92}},"55":{"start":{"line":157,"column":8},"end":{"line":157,"column":41}},"56":{"start":{"line":159,"column":8},"end":{"line":159,"column":19}},"57":{"start":{"line":166,"column":8},"end":{"line":166,"column":35}},"58":{"start":{"line":171,"column":8},"end":{"line":171,"column":38}},"59":{"start":{"line":172,"column":8},"end":{"line":172,"column":50}},"60":{"start":{"line":173,"column":8},"end":{"line":173,"column":23}},"61":{"start":{"line":185,"column":8},"end":{"line":185,"column":32}},"62":{"start":{"line":190,"column":8},"end":{"line":190,"column":31}},"63":{"start":{"line":195,"column":8},"end":{"line":195,"column":37}},"64":{"start":{"line":200,"column":8},"end":{"line":200,"column":65}},"65":{"start":{"line":201,"column":8},"end":{"line":201,"column":25}},"66":{"start":{"line":205,"column":8},"end":{"line":205,"column":60}},"67":{"start":{"line":206,"column":8},"end":{"line":206,"column":57}},"68":{"start":{"line":207,"column":8},"end":{"line":207,"column":51}},"69":{"start":{"line":209,"column":8},"end":{"line":209,"column":59}},"70":{"start":{"line":210,"column":8},"end":{"line":210,"column":65}},"71":{"start":{"line":212,"column":8},"end":{"line":212,"column":31}},"72":{"start":{"line":214,"column":8},"end":{"line":214,"column":19}},"73":{"start":{"line":218,"column":8},"end":{"line":218,"column":29}},"74":{"start":{"line":219,"column":8},"end":{"line":219,"column":30}},"75":{"start":{"line":221,"column":8},"end":{"line":221,"column":19}},"76":{"start":{"line":229,"column":8},"end":{"line":229,"column":39}},"77":{"start":{"line":234,"column":8},"end":{"line":234,"column":67}},"78":{"start":{"line":235,"column":8},"end":{"line":235,"column":29}},"79":{"start":{"line":239,"column":8},"end":{"line":239,"column":62}},"80":{"start":{"line":241,"column":8},"end":{"line":241,"column":77}},"81":{"start":{"line":242,"column":8},"end":{"line":242,"column":59}},"82":{"start":{"line":244,"column":8},"end":{"line":244,"column":26}}},"branchMap":{"1":{"line":17,"type":"if","locations":[{"start":{"line":17,"column":8},"end":{"line":17,"column":8}},{"start":{"line":17,"column":8},"end":{"line":17,"column":8}}]},"2":{"line":23,"type":"if","locations":[{"start":{"line":23,"column":8},"end":{"line":23,"column":8}},{"start":{"line":23,"column":8},"end":{"line":23,"column":8}}]},"3":{"line":30,"type":"if","locations":[{"start":{"line":30,"column":8},"end":{"line":30,"column":8}},{"start":{"line":30,"column":8},"end":{"line":30,"column":8}}]},"4":{"line":35,"type":"if","locations":[{"start":{"line":35,"column":8},"end":{"line":35,"column":8}},{"start":{"line":35,"column":8},"end":{"line":35,"column":8}}]},"5":{"line":41,"type":"if","locations":[{"start":{"line":41,"column":8},"end":{"line":41,"column":8}},{"start":{"line":41,"column":8},"end":{"line":41,"column":8}}]},"6":{"line":48,"type":"if","locations":[{"start":{"line":48,"column":8},"end":{"line":48,"column":8}},{"start":{"line":48,"column":8},"end":{"line":48,"column":8}}]},"7":{"line":92,"type":"if","locations":[{"start":{"line":92,"column":8},"end":{"line":92,"column":8}},{"start":{"line":92,"column":8},"end":{"line":92,"column":8}}]},"8":{"line":93,"type":"if","locations":[{"start":{"line":93,"column":8},"end":{"line":93,"column":8}},{"start":{"line":93,"column":8},"end":{"line":93,"column":8}}]},"9":{"line":94,"type":"if","locations":[{"start":{"line":94,"column":8},"end":{"line":94,"column":8}},{"start":{"line":94,"column":8},"end":{"line":94,"column":8}}]},"10":{"line":96,"type":"if","locations":[{"start":{"line":96,"column":8},"end":{"line":96,"column":8}},{"start":{"line":96,"column":8},"end":{"line":96,"column":8}}]},"11":{"line":97,"type":"if","locations":[{"start":{"line":97,"column":8},"end":{"line":97,"column":8}},{"start":{"line":97,"column":8},"end":{"line":97,"column":8}}]},"12":{"line":112,"type":"if","locations":[{"start":{"line":112,"column":8},"end":{"line":112,"column":8}},{"start":{"line":112,"column":8},"end":{"line":112,"column":8}}]},"13":{"line":122,"type":"if","locations":[{"start":{"line":122,"column":8},"end":{"line":122,"column":8}},{"start":{"line":122,"column":8},"end":{"line":122,"column":8}}]},"14":{"line":134,"type":"if","locations":[{"start":{"line":134,"column":8},"end":{"line":134,"column":8}},{"start":{"line":134,"column":8},"end":{"line":134,"column":8}}]},"15":{"line":144,"type":"if","locations":[{"start":{"line":144,"column":8},"end":{"line":144,"column":8}},{"start":{"line":144,"column":8},"end":{"line":144,"column":8}}]},"16":{"line":145,"type":"if","locations":[{"start":{"line":145,"column":8},"end":{"line":145,"column":8}},{"start":{"line":145,"column":8},"end":{"line":145,"column":8}}]},"17":{"line":147,"type":"if","locations":[{"start":{"line":147,"column":8},"end":{"line":147,"column":8}},{"start":{"line":147,"column":8},"end":{"line":147,"column":8}}]},"18":{"line":148,"type":"if","locations":[{"start":{"line":148,"column":8},"end":{"line":148,"column":8}},{"start":{"line":148,"column":8},"end":{"line":148,"column":8}}]},"19":{"line":150,"type":"if","locations":[{"start":{"line":150,"column":8},"end":{"line":150,"column":8}},{"start":{"line":150,"column":8},"end":{"line":150,"column":8}}]},"20":{"line":166,"type":"if","locations":[{"start":{"line":166,"column":8},"end":{"line":166,"column":8}},{"start":{"line":166,"column":8},"end":{"line":166,"column":8}}]},"21":{"line":171,"type":"if","locations":[{"start":{"line":171,"column":8},"end":{"line":171,"column":8}},{"start":{"line":171,"column":8},"end":{"line":171,"column":8}}]},"22":{"line":185,"type":"if","locations":[{"start":{"line":185,"column":8},"end":{"line":185,"column":8}},{"start":{"line":185,"column":8},"end":{"line":185,"column":8}}]},"23":{"line":190,"type":"if","locations":[{"start":{"line":190,"column":8},"end":{"line":190,"column":8}},{"start":{"line":190,"column":8},"end":{"line":190,"column":8}}]},"24":{"line":195,"type":"if","locations":[{"start":{"line":195,"column":8},"end":{"line":195,"column":8}},{"start":{"line":195,"column":8},"end":{"line":195,"column":8}}]},"25":{"line":200,"type":"if","locations":[{"start":{"line":200,"column":8},"end":{"line":200,"column":8}},{"start":{"line":200,"column":8},"end":{"line":200,"column":8}}]},"26":{"line":205,"type":"if","locations":[{"start":{"line":205,"column":8},"end":{"line":205,"column":8}},{"start":{"line":205,"column":8},"end":{"line":205,"column":8}}]},"27":{"line":206,"type":"if","locations":[{"start":{"line":206,"column":8},"end":{"line":206,"column":8}},{"start":{"line":206,"column":8},"end":{"line":206,"column":8}}]},"28":{"line":207,"type":"if","locations":[{"start":{"line":207,"column":8},"end":{"line":207,"column":8}},{"start":{"line":207,"column":8},"end":{"line":207,"column":8}}]},"29":{"line":229,"type":"if","locations":[{"start":{"line":229,"column":8},"end":{"line":229,"column":8}},{"start":{"line":229,"column":8},"end":{"line":229,"column":8}}]},"30":{"line":234,"type":"if","locations":[{"start":{"line":234,"column":8},"end":{"line":234,"column":8}},{"start":{"line":234,"column":8},"end":{"line":234,"column":8}}]},"31":{"line":239,"type":"if","locations":[{"start":{"line":239,"column":8},"end":{"line":239,"column":8}},{"start":{"line":239,"column":8},"end":{"line":239,"column":8}}]}}},"contracts/NashEscrow.sol":{"l":{"102":9,"103":9,"107":9,"108":9,"112":9,"113":9,"117":9,"118":9,"126":0,"133":0,"140":3,"147":0,"159":3,"161":3,"162":3,"164":3,"165":3,"167":3,"168":3,"169":3,"170":3,"171":3,"172":3,"173":3,"174":3,"175":3,"178":3,"179":3,"181":3,"187":3,"199":7,"201":7,"202":7,"204":7,"206":7,"208":7,"209":7,"210":7,"211":7,"212":7,"213":7,"214":7,"215":7,"216":7,"219":7,"220":7,"222":7,"239":3,"241":3,"242":3,"243":3,"245":3,"264":1,"266":1,"267":1,"269":1,"277":1,"278":1,"289":2,"291":2,"292":2,"294":2,"296":2,"297":0,"298":0,"299":0,"311":2,"313":2,"314":2,"316":2,"318":2,"319":2,"320":2,"321":2,"329":2,"330":2,"335":2,"340":2,"341":1,"344":1,"354":2,"360":2,"365":2,"367":2,"369":2,"382":1,"383":1,"396":0,"397":0,"400":0,"401":0,"405":0,"406":0,"408":0,"413":0,"417":0,"418":0,"430":1,"431":1,"434":1,"435":1,"439":1,"440":1,"443":1,"444":0,"447":1,"451":1,"452":1,"453":3,"455":3,"456":3,"457":5,"459":5,"460":3,"461":3,"462":2,"465":3,"466":3,"467":3,"470":3,"471":1,"475":1,"477":1,"478":4,"479":4,"480":3,"483":1,"495":1,"496":1,"499":1,"500":0,"504":1,"505":0,"508":1,"509":0,"511":1,"515":1,"516":1,"517":2,"519":2,"520":2,"521":6,"523":6,"528":1,"529":1,"530":1,"533":1,"534":1,"535":1,"538":2,"539":1,"543":1,"545":1,"546":5,"547":5,"548":1,"551":1,"559":6,"560":16,"561":1,"564":5,"572":2,"573":2,"577":2,"584":1,"585":1,"589":1,"597":3,"598":3,"602":3,"610":2,"611":2,"615":2,"623":4,"624":4,"628":4,"636":4,"637":4,"641":4,"649":4,"650":4,"654":4,"662":1,"663":1,"668":1},"path":"/home/allen/Projects/BlockChain/nash_smart_contracts/contracts/NashEscrow.sol","s":{"1":9,"2":9,"3":9,"4":9,"5":9,"6":9,"7":9,"8":9,"9":0,"10":0,"11":3,"12":0,"13":3,"14":3,"15":3,"16":3,"17":3,"18":3,"19":3,"20":3,"21":3,"22":3,"23":3,"24":3,"25":3,"26":3,"27":3,"28":3,"29":3,"30":7,"31":7,"32":7,"33":7,"34":7,"35":7,"36":7,"37":7,"38":7,"39":7,"40":7,"41":7,"42":7,"43":7,"44":7,"45":7,"46":3,"47":3,"48":3,"49":3,"50":3,"51":1,"52":1,"53":1,"54":1,"55":1,"56":1,"57":2,"58":2,"59":2,"60":2,"61":2,"62":0,"63":0,"64":0,"65":2,"66":2,"67":2,"68":2,"69":2,"70":2,"71":2,"72":2,"73":2,"74":2,"75":2,"76":2,"77":1,"78":1,"79":2,"80":2,"81":2,"82":2,"83":1,"84":1,"85":0,"86":0,"87":0,"88":0,"89":0,"90":0,"91":0,"92":0,"93":0,"94":0,"95":1,"96":1,"97":1,"98":1,"99":1,"100":1,"101":1,"102":0,"103":1,"104":1,"105":1,"106":3,"107":3,"108":3,"109":5,"110":5,"111":3,"112":3,"113":2,"114":3,"115":3,"116":1,"117":1,"118":4,"119":4,"120":3,"121":1,"122":1,"123":1,"124":1,"125":0,"126":1,"127":0,"128":1,"129":0,"130":1,"131":1,"132":1,"133":2,"134":2,"135":2,"136":6,"137":6,"138":1,"139":1,"140":1,"141":1,"142":2,"143":1,"144":1,"145":5,"146":5,"147":1,"148":1,"149":6,"150":16,"151":1,"152":5,"153":2,"154":2,"155":1,"156":1,"157":3,"158":3,"159":2,"160":2,"161":4,"162":4,"163":4,"164":4,"165":4,"166":4,"167":1,"168":1},"b":{"1":[9,0],"2":[9,0],"3":[9,0],"4":[9,0],"5":[3,0],"6":[7,0],"7":[1,0],"8":[2,0],"9":[0,2],"10":[2,0],"11":[2,0],"12":[2,0],"13":[2,0],"14":[1,1],"15":[1,0],"16":[2,0],"17":[2,0],"18":[0,0],"19":[0,0],"20":[1,0],"21":[1,0],"22":[0,1],"23":[3,2],"24":[2,1],"25":[1,2],"26":[3,1],"27":[0,1],"28":[0,1],"29":[0,1],"30":[1,5],"31":[1,0],"32":[1,1],"33":[1,4],"34":[1,15],"35":[2,0],"36":[1,0],"37":[3,0],"38":[2,0],"39":[4,0],"40":[4,0],"41":[4,0],"42":[1,0]},"f":{"1":9,"2":0,"3":0,"4":3,"5":0,"6":3,"7":7,"8":3,"9":1,"10":2,"11":2,"12":2,"13":1,"14":0,"15":1,"16":1,"17":6,"18":2,"19":1,"20":3,"21":2,"22":4,"23":4,"24":4,"25":1},"fnMap":{"1":{"name":"constructor","line":95,"loc":{"start":{"line":95,"column":4},"end":{"line":120,"column":4}}},"2":{"name":"getNashFee","line":125,"loc":{"start":{"line":125,"column":4},"end":{"line":127,"column":4}}},"3":{"name":"getAgentFee","line":132,"loc":{"start":{"line":132,"column":4},"end":{"line":134,"column":4}}},"4":{"name":"getNextTransactionIndex","line":139,"loc":{"start":{"line":139,"column":4},"end":{"line":141,"column":4}}},"5":{"name":"countSuccessfulTransactions","line":146,"loc":{"start":{"line":146,"column":4},"end":{"line":148,"column":4}}},"6":{"name":"initializeWithdrawalTransaction","line":155,"loc":{"start":{"line":155,"column":4},"end":{"line":188,"column":4}}},"7":{"name":"initializeDepositTransaction","line":195,"loc":{"start":{"line":195,"column":4},"end":{"line":223,"column":4}}},"8":{"name":"agentAcceptWithdrawalTransaction","line":237,"loc":{"start":{"line":230,"column":4},"end":{"line":246,"column":4}}},"9":{"name":"agentAcceptDepositTransaction","line":262,"loc":{"start":{"line":253,"column":4},"end":{"line":279,"column":4}}},"10":{"name":"clientConfirmPayment","line":287,"loc":{"start":{"line":284,"column":4},"end":{"line":301,"column":4}}},"11":{"name":"agentConfirmPayment","line":309,"loc":{"start":{"line":306,"column":4},"end":{"line":323,"column":4}}},"12":{"name":"finalizeTransaction","line":328,"loc":{"start":{"line":328,"column":4},"end":{"line":370,"column":4}}},"13":{"name":"getTransactionByIndex","line":377,"loc":{"start":{"line":377,"column":4},"end":{"line":384,"column":4}}},"14":{"name":"getNextUnpairedTransaction","line":391,"loc":{"start":{"line":391,"column":4},"end":{"line":419,"column":4}}},"15":{"name":"getTransactions","line":425,"loc":{"start":{"line":425,"column":4},"end":{"line":484,"column":4}}},"16":{"name":"getMyTransactions","line":490,"loc":{"start":{"line":490,"column":4},"end":{"line":552,"column":4}}},"17":{"name":"isTxInStatus","line":554,"loc":{"start":{"line":554,"column":4},"end":{"line":565,"column":4}}},"18":{"name":"agentOnly","line":571,"loc":{"start":{"line":571,"column":4},"end":{"line":578,"column":4}}},"19":{"name":"depositsOnly","line":583,"loc":{"start":{"line":583,"column":4},"end":{"line":590,"column":4}}},"20":{"name":"withdrawalsOnly","line":596,"loc":{"start":{"line":596,"column":4},"end":{"line":603,"column":4}}},"21":{"name":"clientOnly","line":609,"loc":{"start":{"line":609,"column":4},"end":{"line":616,"column":4}}},"22":{"name":"nonClientOnly","line":622,"loc":{"start":{"line":622,"column":4},"end":{"line":629,"column":4}}},"23":{"name":"awaitConfirmation","line":635,"loc":{"start":{"line":635,"column":4},"end":{"line":642,"column":4}}},"24":{"name":"awaitAgent","line":648,"loc":{"start":{"line":648,"column":4},"end":{"line":655,"column":4}}},"25":{"name":"balanceGreaterThanAmount","line":661,"loc":{"start":{"line":661,"column":4},"end":{"line":669,"column":4}}}},"statementMap":{"1":{"start":{"line":102,"column":8},"end":{"line":102,"column":2784}},"2":{"start":{"line":103,"column":12},"end":{"line":103,"column":47}},"3":{"start":{"line":107,"column":8},"end":{"line":107,"column":2928}},"4":{"start":{"line":108,"column":12},"end":{"line":108,"column":53}},"5":{"start":{"line":112,"column":8},"end":{"line":112,"column":3081}},"6":{"start":{"line":113,"column":12},"end":{"line":113,"column":31}},"7":{"start":{"line":117,"column":8},"end":{"line":117,"column":3191}},"8":{"start":{"line":118,"column":12},"end":{"line":118,"column":29}},"9":{"start":{"line":126,"column":8},"end":{"line":126,"column":22}},"10":{"start":{"line":133,"column":8},"end":{"line":133,"column":23}},"11":{"start":{"line":140,"column":8},"end":{"line":140,"column":32}},"12":{"start":{"line":147,"column":8},"end":{"line":147,"column":44}},"13":{"start":{"line":159,"column":8},"end":{"line":159,"column":72}},"14":{"start":{"line":161,"column":8},"end":{"line":161,"column":41}},"15":{"start":{"line":164,"column":8},"end":{"line":164,"column":37}},"16":{"start":{"line":165,"column":8},"end":{"line":165,"column":68}},"17":{"start":{"line":167,"column":8},"end":{"line":167,"column":44}},"18":{"start":{"line":168,"column":8},"end":{"line":168,"column":28}},"19":{"start":{"line":169,"column":8},"end":{"line":169,"column":53}},"20":{"start":{"line":170,"column":8},"end":{"line":170,"column":64}},"21":{"start":{"line":171,"column":8},"end":{"line":171,"column":37}},"22":{"start":{"line":172,"column":8},"end":{"line":172,"column":35}},"23":{"start":{"line":173,"column":8},"end":{"line":173,"column":43}},"24":{"start":{"line":174,"column":8},"end":{"line":174,"column":48}},"25":{"start":{"line":175,"column":8},"end":{"line":175,"column":50}},"26":{"start":{"line":178,"column":8},"end":{"line":178,"column":39}},"27":{"start":{"line":179,"column":8},"end":{"line":179,"column":40}},"28":{"start":{"line":181,"column":8},"end":{"line":181,"column":5162}},"29":{"start":{"line":187,"column":8},"end":{"line":187,"column":45}},"30":{"start":{"line":199,"column":8},"end":{"line":199,"column":72}},"31":{"start":{"line":201,"column":8},"end":{"line":201,"column":41}},"32":{"start":{"line":204,"column":8},"end":{"line":204,"column":68}},"33":{"start":{"line":206,"column":8},"end":{"line":206,"column":37}},"34":{"start":{"line":208,"column":8},"end":{"line":208,"column":44}},"35":{"start":{"line":209,"column":8},"end":{"line":209,"column":28}},"36":{"start":{"line":210,"column":8},"end":{"line":210,"column":50}},"37":{"start":{"line":211,"column":8},"end":{"line":211,"column":64}},"38":{"start":{"line":212,"column":8},"end":{"line":212,"column":37}},"39":{"start":{"line":213,"column":8},"end":{"line":213,"column":35}},"40":{"start":{"line":214,"column":8},"end":{"line":214,"column":43}},"41":{"start":{"line":215,"column":8},"end":{"line":215,"column":48}},"42":{"start":{"line":216,"column":8},"end":{"line":216,"column":50}},"43":{"start":{"line":219,"column":8},"end":{"line":219,"column":39}},"44":{"start":{"line":220,"column":8},"end":{"line":220,"column":40}},"45":{"start":{"line":222,"column":8},"end":{"line":222,"column":45}},"46":{"start":{"line":239,"column":8},"end":{"line":239,"column":70}},"47":{"start":{"line":241,"column":8},"end":{"line":241,"column":36}},"48":{"start":{"line":242,"column":8},"end":{"line":242,"column":49}},"49":{"start":{"line":243,"column":8},"end":{"line":243,"column":42}},"50":{"start":{"line":245,"column":8},"end":{"line":245,"column":35}},"51":{"start":{"line":264,"column":8},"end":{"line":264,"column":70}},"52":{"start":{"line":266,"column":8},"end":{"line":266,"column":36}},"53":{"start":{"line":267,"column":8},"end":{"line":267,"column":49}},"54":{"start":{"line":269,"column":8},"end":{"line":269,"column":7957}},"55":{"start":{"line":277,"column":8},"end":{"line":277,"column":42}},"56":{"start":{"line":278,"column":8},"end":{"line":278,"column":35}},"57":{"start":{"line":289,"column":8},"end":{"line":289,"column":70}},"58":{"start":{"line":291,"column":8},"end":{"line":291,"column":73}},"59":{"start":{"line":292,"column":8},"end":{"line":292,"column":32}},"60":{"start":{"line":294,"column":8},"end":{"line":294,"column":41}},"61":{"start":{"line":296,"column":8},"end":{"line":296,"column":8758}},"62":{"start":{"line":297,"column":12},"end":{"line":297,"column":40}},"63":{"start":{"line":298,"column":12},"end":{"line":298,"column":48}},"64":{"start":{"line":299,"column":12},"end":{"line":299,"column":46}},"65":{"start":{"line":311,"column":8},"end":{"line":311,"column":70}},"66":{"start":{"line":313,"column":8},"end":{"line":313,"column":71}},"67":{"start":{"line":314,"column":8},"end":{"line":314,"column":31}},"68":{"start":{"line":316,"column":8},"end":{"line":316,"column":40}},"69":{"start":{"line":318,"column":8},"end":{"line":318,"column":9401}},"70":{"start":{"line":319,"column":12},"end":{"line":319,"column":40}},"71":{"start":{"line":320,"column":12},"end":{"line":320,"column":48}},"72":{"start":{"line":321,"column":12},"end":{"line":321,"column":46}},"73":{"start":{"line":329,"column":8},"end":{"line":329,"column":70}},"74":{"start":{"line":330,"column":8},"end":{"line":330,"column":9842}},"75":{"start":{"line":335,"column":8},"end":{"line":335,"column":10022}},"76":{"start":{"line":340,"column":8},"end":{"line":340,"column":10157}},"77":{"start":{"line":341,"column":12},"end":{"line":341,"column":77}},"78":{"start":{"line":344,"column":12},"end":{"line":344,"column":10373}},"79":{"start":{"line":354,"column":8},"end":{"line":354,"column":10651}},"80":{"start":{"line":360,"column":8},"end":{"line":360,"column":10859}},"81":{"start":{"line":367,"column":8},"end":{"line":367,"column":31}},"82":{"start":{"line":369,"column":8},"end":{"line":369,"column":44}},"83":{"start":{"line":382,"column":8},"end":{"line":382,"column":69}},"84":{"start":{"line":383,"column":8},"end":{"line":383,"column":18}},"85":{"start":{"line":396,"column":8},"end":{"line":396,"column":46}},"86":{"start":{"line":397,"column":8},"end":{"line":397,"column":35}},"87":{"start":{"line":400,"column":8},"end":{"line":400,"column":11953}},"88":{"start":{"line":401,"column":12},"end":{"line":401,"column":44}},"89":{"start":{"line":405,"column":8},"end":{"line":405,"column":12116}},"90":{"start":{"line":406,"column":12},"end":{"line":406,"column":49}},"91":{"start":{"line":408,"column":12},"end":{"line":408,"column":12251}},"92":{"start":{"line":413,"column":16},"end":{"line":413,"column":26}},"93":{"start":{"line":417,"column":8},"end":{"line":417,"column":48}},"94":{"start":{"line":418,"column":8},"end":{"line":418,"column":18}},"95":{"start":{"line":430,"column":8},"end":{"line":430,"column":46}},"96":{"start":{"line":431,"column":8},"end":{"line":431,"column":50}},"97":{"start":{"line":434,"column":8},"end":{"line":434,"column":13022}},"98":{"start":{"line":435,"column":12},"end":{"line":435,"column":44}},"99":{"start":{"line":439,"column":8},"end":{"line":439,"column":13169}},"100":{"start":{"line":440,"column":12},"end":{"line":440,"column":46}},"101":{"start":{"line":443,"column":8},"end":{"line":443,"column":13281}},"102":{"start":{"line":444,"column":12},"end":{"line":444,"column":31}},"103":{"start":{"line":447,"column":8},"end":{"line":447,"column":13364}},"104":{"start":{"line":451,"column":8},"end":{"line":451,"column":38}},"105":{"start":{"line":452,"column":8},"end":{"line":452,"column":13514}},"106":{"start":{"line":453,"column":12},"end":{"line":453,"column":38}},"107":{"start":{"line":455,"column":12},"end":{"line":455,"column":32}},"108":{"start":{"line":456,"column":12},"end":{"line":456,"column":13711}},"109":{"start":{"line":457,"column":16},"end":{"line":457,"column":53}},"110":{"start":{"line":459,"column":16},"end":{"line":459,"column":13854}},"111":{"start":{"line":460,"column":20},"end":{"line":460,"column":49}},"112":{"start":{"line":461,"column":20},"end":{"line":461,"column":13994}},"113":{"start":{"line":462,"column":24},"end":{"line":462,"column":57}},"114":{"start":{"line":465,"column":20},"end":{"line":465,"column":39}},"115":{"start":{"line":470,"column":12},"end":{"line":470,"column":14302}},"116":{"start":{"line":475,"column":8},"end":{"line":475,"column":79}},"117":{"start":{"line":477,"column":8},"end":{"line":477,"column":14452}},"118":{"start":{"line":478,"column":12},"end":{"line":478,"column":56}},"119":{"start":{"line":479,"column":12},"end":{"line":479,"column":14578}},"120":{"start":{"line":480,"column":16},"end":{"line":480,"column":26}},"121":{"start":{"line":483,"column":8},"end":{"line":483,"column":17}},"122":{"start":{"line":495,"column":8},"end":{"line":495,"column":46}},"123":{"start":{"line":496,"column":8},"end":{"line":496,"column":50}},"124":{"start":{"line":499,"column":8},"end":{"line":499,"column":15143}},"125":{"start":{"line":500,"column":12},"end":{"line":500,"column":44}},"126":{"start":{"line":504,"column":8},"end":{"line":504,"column":15290}},"127":{"start":{"line":505,"column":12},"end":{"line":505,"column":46}},"128":{"start":{"line":508,"column":8},"end":{"line":508,"column":15402}},"129":{"start":{"line":509,"column":12},"end":{"line":509,"column":31}},"130":{"start":{"line":511,"column":8},"end":{"line":511,"column":15484}},"131":{"start":{"line":515,"column":8},"end":{"line":515,"column":38}},"132":{"start":{"line":516,"column":8},"end":{"line":516,"column":15634}},"133":{"start":{"line":517,"column":12},"end":{"line":517,"column":38}},"134":{"start":{"line":519,"column":12},"end":{"line":519,"column":32}},"135":{"start":{"line":520,"column":12},"end":{"line":520,"column":15831}},"136":{"start":{"line":521,"column":16},"end":{"line":521,"column":53}},"137":{"start":{"line":523,"column":16},"end":{"line":523,"column":15974}},"138":{"start":{"line":528,"column":20},"end":{"line":528,"column":49}},"139":{"start":{"line":529,"column":20},"end":{"line":529,"column":16237}},"140":{"start":{"line":530,"column":24},"end":{"line":530,"column":57}},"141":{"start":{"line":533,"column":20},"end":{"line":533,"column":39}},"142":{"start":{"line":538,"column":12},"end":{"line":538,"column":16545}},"143":{"start":{"line":543,"column":8},"end":{"line":543,"column":79}},"144":{"start":{"line":545,"column":8},"end":{"line":545,"column":16695}},"145":{"start":{"line":546,"column":12},"end":{"line":546,"column":56}},"146":{"start":{"line":547,"column":12},"end":{"line":547,"column":16821}},"147":{"start":{"line":548,"column":16},"end":{"line":548,"column":26}},"148":{"start":{"line":551,"column":8},"end":{"line":551,"column":17}},"149":{"start":{"line":559,"column":8},"end":{"line":559,"column":17079}},"150":{"start":{"line":560,"column":12},"end":{"line":560,"column":17142}},"151":{"start":{"line":561,"column":16},"end":{"line":561,"column":27}},"152":{"start":{"line":564,"column":8},"end":{"line":564,"column":20}},"153":{"start":{"line":572,"column":8},"end":{"line":572,"column":70}},"154":{"start":{"line":573,"column":8},"end":{"line":573,"column":17525}},"155":{"start":{"line":584,"column":8},"end":{"line":584,"column":70}},"156":{"start":{"line":585,"column":8},"end":{"line":585,"column":17864}},"157":{"start":{"line":597,"column":8},"end":{"line":597,"column":70}},"158":{"start":{"line":598,"column":8},"end":{"line":598,"column":18297}},"159":{"start":{"line":610,"column":8},"end":{"line":610,"column":70}},"160":{"start":{"line":611,"column":8},"end":{"line":611,"column":18742}},"161":{"start":{"line":623,"column":8},"end":{"line":623,"column":70}},"162":{"start":{"line":624,"column":8},"end":{"line":624,"column":19146}},"163":{"start":{"line":636,"column":8},"end":{"line":636,"column":70}},"164":{"start":{"line":637,"column":8},"end":{"line":637,"column":19586}},"165":{"start":{"line":649,"column":8},"end":{"line":649,"column":70}},"166":{"start":{"line":650,"column":8},"end":{"line":650,"column":20024}},"167":{"start":{"line":662,"column":8},"end":{"line":662,"column":70}},"168":{"start":{"line":663,"column":8},"end":{"line":663,"column":20454}}},"branchMap":{"1":{"line":102,"type":"if","locations":[{"start":{"line":102,"column":8},"end":{"line":102,"column":8}},{"start":{"line":102,"column":8},"end":{"line":102,"column":8}}]},"2":{"line":107,"type":"if","locations":[{"start":{"line":107,"column":8},"end":{"line":107,"column":8}},{"start":{"line":107,"column":8},"end":{"line":107,"column":8}}]},"3":{"line":112,"type":"if","locations":[{"start":{"line":112,"column":8},"end":{"line":112,"column":8}},{"start":{"line":112,"column":8},"end":{"line":112,"column":8}}]},"4":{"line":117,"type":"if","locations":[{"start":{"line":117,"column":8},"end":{"line":117,"column":8}},{"start":{"line":117,"column":8},"end":{"line":117,"column":8}}]},"5":{"line":159,"type":"if","locations":[{"start":{"line":159,"column":8},"end":{"line":159,"column":8}},{"start":{"line":159,"column":8},"end":{"line":159,"column":8}}]},"6":{"line":199,"type":"if","locations":[{"start":{"line":199,"column":8},"end":{"line":199,"column":8}},{"start":{"line":199,"column":8},"end":{"line":199,"column":8}}]},"7":{"line":269,"type":"if","locations":[{"start":{"line":269,"column":8},"end":{"line":269,"column":8}},{"start":{"line":269,"column":8},"end":{"line":269,"column":8}}]},"8":{"line":291,"type":"if","locations":[{"start":{"line":291,"column":8},"end":{"line":291,"column":8}},{"start":{"line":291,"column":8},"end":{"line":291,"column":8}}]},"9":{"line":296,"type":"if","locations":[{"start":{"line":296,"column":8},"end":{"line":296,"column":8}},{"start":{"line":296,"column":8},"end":{"line":296,"column":8}}]},"10":{"line":313,"type":"if","locations":[{"start":{"line":313,"column":8},"end":{"line":313,"column":8}},{"start":{"line":313,"column":8},"end":{"line":313,"column":8}}]},"11":{"line":318,"type":"if","locations":[{"start":{"line":318,"column":8},"end":{"line":318,"column":8}},{"start":{"line":318,"column":8},"end":{"line":318,"column":8}}]},"12":{"line":330,"type":"if","locations":[{"start":{"line":330,"column":8},"end":{"line":330,"column":8}},{"start":{"line":330,"column":8},"end":{"line":330,"column":8}}]},"13":{"line":335,"type":"if","locations":[{"start":{"line":335,"column":8},"end":{"line":335,"column":8}},{"start":{"line":335,"column":8},"end":{"line":335,"column":8}}]},"14":{"line":340,"type":"if","locations":[{"start":{"line":340,"column":8},"end":{"line":340,"column":8}},{"start":{"line":340,"column":8},"end":{"line":340,"column":8}}]},"15":{"line":344,"type":"if","locations":[{"start":{"line":344,"column":12},"end":{"line":344,"column":12}},{"start":{"line":344,"column":12},"end":{"line":344,"column":12}}]},"16":{"line":354,"type":"if","locations":[{"start":{"line":354,"column":8},"end":{"line":354,"column":8}},{"start":{"line":354,"column":8},"end":{"line":354,"column":8}}]},"17":{"line":360,"type":"if","locations":[{"start":{"line":360,"column":8},"end":{"line":360,"column":8}},{"start":{"line":360,"column":8},"end":{"line":360,"column":8}}]},"18":{"line":400,"type":"if","locations":[{"start":{"line":400,"column":8},"end":{"line":400,"column":8}},{"start":{"line":400,"column":8},"end":{"line":400,"column":8}}]},"19":{"line":408,"type":"if","locations":[{"start":{"line":408,"column":12},"end":{"line":408,"column":12}},{"start":{"line":408,"column":12},"end":{"line":408,"column":12}}]},"20":{"line":434,"type":"if","locations":[{"start":{"line":434,"column":8},"end":{"line":434,"column":8}},{"start":{"line":434,"column":8},"end":{"line":434,"column":8}}]},"21":{"line":439,"type":"if","locations":[{"start":{"line":439,"column":8},"end":{"line":439,"column":8}},{"start":{"line":439,"column":8},"end":{"line":439,"column":8}}]},"22":{"line":443,"type":"if","locations":[{"start":{"line":443,"column":8},"end":{"line":443,"column":8}},{"start":{"line":443,"column":8},"end":{"line":443,"column":8}}]},"23":{"line":459,"type":"if","locations":[{"start":{"line":459,"column":16},"end":{"line":459,"column":16}},{"start":{"line":459,"column":16},"end":{"line":459,"column":16}}]},"24":{"line":461,"type":"if","locations":[{"start":{"line":461,"column":20},"end":{"line":461,"column":20}},{"start":{"line":461,"column":20},"end":{"line":461,"column":20}}]},"25":{"line":470,"type":"if","locations":[{"start":{"line":470,"column":12},"end":{"line":470,"column":12}},{"start":{"line":470,"column":12},"end":{"line":470,"column":12}}]},"26":{"line":479,"type":"if","locations":[{"start":{"line":479,"column":12},"end":{"line":479,"column":12}},{"start":{"line":479,"column":12},"end":{"line":479,"column":12}}]},"27":{"line":499,"type":"if","locations":[{"start":{"line":499,"column":8},"end":{"line":499,"column":8}},{"start":{"line":499,"column":8},"end":{"line":499,"column":8}}]},"28":{"line":504,"type":"if","locations":[{"start":{"line":504,"column":8},"end":{"line":504,"column":8}},{"start":{"line":504,"column":8},"end":{"line":504,"column":8}}]},"29":{"line":508,"type":"if","locations":[{"start":{"line":508,"column":8},"end":{"line":508,"column":8}},{"start":{"line":508,"column":8},"end":{"line":508,"column":8}}]},"30":{"line":523,"type":"if","locations":[{"start":{"line":523,"column":16},"end":{"line":523,"column":16}},{"start":{"line":523,"column":16},"end":{"line":523,"column":16}}]},"31":{"line":529,"type":"if","locations":[{"start":{"line":529,"column":20},"end":{"line":529,"column":20}},{"start":{"line":529,"column":20},"end":{"line":529,"column":20}}]},"32":{"line":538,"type":"if","locations":[{"start":{"line":538,"column":12},"end":{"line":538,"column":12}},{"start":{"line":538,"column":12},"end":{"line":538,"column":12}}]},"33":{"line":547,"type":"if","locations":[{"start":{"line":547,"column":12},"end":{"line":547,"column":12}},{"start":{"line":547,"column":12},"end":{"line":547,"column":12}}]},"34":{"line":560,"type":"if","locations":[{"start":{"line":560,"column":12},"end":{"line":560,"column":12}},{"start":{"line":560,"column":12},"end":{"line":560,"column":12}}]},"35":{"line":573,"type":"if","locations":[{"start":{"line":573,"column":8},"end":{"line":573,"column":8}},{"start":{"line":573,"column":8},"end":{"line":573,"column":8}}]},"36":{"line":585,"type":"if","locations":[{"start":{"line":585,"column":8},"end":{"line":585,"column":8}},{"start":{"line":585,"column":8},"end":{"line":585,"column":8}}]},"37":{"line":598,"type":"if","locations":[{"start":{"line":598,"column":8},"end":{"line":598,"column":8}},{"start":{"line":598,"column":8},"end":{"line":598,"column":8}}]},"38":{"line":611,"type":"if","locations":[{"start":{"line":611,"column":8},"end":{"line":611,"column":8}},{"start":{"line":611,"column":8},"end":{"line":611,"column":8}}]},"39":{"line":624,"type":"if","locations":[{"start":{"line":624,"column":8},"end":{"line":624,"column":8}},{"start":{"line":624,"column":8},"end":{"line":624,"column":8}}]},"40":{"line":637,"type":"if","locations":[{"start":{"line":637,"column":8},"end":{"line":637,"column":8}},{"start":{"line":637,"column":8},"end":{"line":637,"column":8}}]},"41":{"line":650,"type":"if","locations":[{"start":{"line":650,"column":8},"end":{"line":650,"column":8}},{"start":{"line":650,"column":8},"end":{"line":650,"column":8}}]},"42":{"line":663,"type":"if","locations":[{"start":{"line":663,"column":8},"end":{"line":663,"column":8}},{"start":{"line":663,"column":8},"end":{"line":663,"column":8}}]}}}}